[handleMsg]:  {
  key: {
    remoteJid: '573024276663@s.whatsapp.net',
    fromMe: false,
    id: 'BAD3CB1A73CCC914D3F80070706EFD98',
    participant: undefined
  },
  messageTimestamp: 1699407501,
  pushName: '💻⚛️',
  broadcast: false,
  message: Message {
    conversation: 'Orden',
    messageContextInfo: MessageContextInfo {
      deviceListMetadata: [DeviceListMetadata],
      deviceListMetadataVersion: 2
    }
  },
  body: 'Orden',
  from: '573024276663'
}
[QUEUE_SE_ENVIO]:  {
  ref: 'ans_cba0bca8-f181-4c0b-991c-2ca749b8a4f3',
  keyword: 'key_b32bcca5-2a4e-4506-81cc-9b3a15324215',
  answer: 'A continuación envía la información del trabajo realizado o la palabra *cancelar* para cancelar la orden:',
  options: {
    media: null,
    buttons: [],
    capture: true,
    child: null,
    delay: 0,
    idle: null,
    nested: [],
    keyword: {},
    callback: true
  },
  refSerialize: '50a4e0d57a055f57276fcebded4a6940'
}
[handleMsg]:  {
  key: {
    remoteJid: '573024276663@s.whatsapp.net',
    fromMe: false,
    id: 'D43A41BC72CD70994E557321E5483D39',
    participant: undefined
  },
  messageTimestamp: 1699407510,
  pushName: '💻⚛️',
  broadcast: false,
  message: Message {
    conversation: '*Tarea # 1*\n' +
      '\n' +
      '*01/11/2023*\n' +
      '\n' +
      '*EQUIPO*:  Línea Aérea 115 [kV] - S/E 04 \n' +
      '\n' +
      '*REPORTE*: Realizar termografía a línea aérea de 115 [kV] en S/E 04\n' +
      '\n' +
      '*SOLUCIÓN*:  Se realiza prueba termográfica en punto de conexión de línea aérea, Switches  y bornas de transformadores 05  y 16 en S/E 04. Se crea informe de acuerdo a información recopilada. \n' +
      '\n' +
      '*ORDEN*: CERRADA\n' +
      '\n' +
      '*HORA *: 11:40 -  01:00\n' +
      '\n' +
      '*Técnicos*: Samuel Pallares / Jorge Arias',
    messageContextInfo: MessageContextInfo {
      deviceListMetadata: [DeviceListMetadata],
      deviceListMetadataVersion: 2
    }
  },
  body: '*Tarea # 1*\n' +
    '\n' +
    '*01/11/2023*\n' +
    '\n' +
    '*EQUIPO*:  Línea Aérea 115 [kV] - S/E 04 \n' +
    '\n' +
    '*REPORTE*: Realizar termografía a línea aérea de 115 [kV] en S/E 04\n' +
    '\n' +
    '*SOLUCIÓN*:  Se realiza prueba termográfica en punto de conexión de línea aérea, Switches  y bornas de transformadores 05  y 16 en S/E 04. Se crea informe de acuerdo a información recopilada. \n' +
    '\n' +
    '*ORDEN*: CERRADA\n' +
    '\n' +
    '*HORA *: 11:40 -  01:00\n' +
    '\n' +
    '*Técnicos*: Samuel Pallares / Jorge Arias',
  from: '573024276663'
}
